<?xml version="1.0" encoding="UTF-8"?>
<!-- Generated by org.testng.reporters.JUnitXMLReporter -->
<testsuite hostname="HP" ignored="0" name="TSR" tests="10" failures="1" timestamp="2020-12-26T22:29:13 IST" time="110.107" errors="0">
  <testcase name="click_On_HomeSection_And_TakeScreenshot" time="1.412" classname="com.grootan.qa.testcases.GrootanTest"/>
  <testcase name="click_On_ServicesSection_And_TakeScreenshot" time="0.746" classname="com.grootan.qa.testcases.GrootanTest"/>
  <testcase name="click_On_OpenSourceSection_And_TakeScreenshot" time="0.974" classname="com.grootan.qa.testcases.GrootanTest"/>
  <testcase name="click_On_BlogSection_And_TakeScreenshot" time="5.022" classname="com.grootan.qa.testcases.GrootanTest"/>
  <testcase name="click_On_TeamcSection_And_TakeScreenshot" time="1.139" classname="com.grootan.qa.testcases.GrootanTest"/>
  <testcase name="click_On_CareersSection_And_TakeScreenshot" time="1.053" classname="com.grootan.qa.testcases.GrootanTest"/>
  <testcase name="click_On_ContactUSSection_And_TakeScreenshot" time="1.07" classname="com.grootan.qa.testcases.GrootanTest"/>
  <testcase name="compareFolder1AndFolder2" time="0.002" classname="com.grootan.qa.testcases.GrootanTest"/>
  <testcase name="printJuniorEngineerNamesFromTeamcSectionInTOExcel" time="5.254" classname="com.grootan.qa.testcases.TeamSectionTest"/>
  <testcase name="compareHrAndCTO_CoFounderImages" time="2.046" classname="com.grootan.qa.testcases.TeamSectionTest">
    <failure type="java.lang.AssertionError" message="Images are not similar expected [false] but found [true]">
      <![CDATA[java.lang.AssertionError: Images are not similar expected [false] but found [true]
at com.grootan.qa.testcases.TeamSectionTest.compareHrAndCTO_CoFounderImages(TeamSectionTest.java:40)
at java.util.ArrayList.forEach(Unknown Source)
... Removed 30 stack frames]]>
    </failure>
  </testcase> <!-- compareHrAndCTO_CoFounderImages -->
</testsuite> <!-- TSR -->
